GROUP,PACKAGE,CLASS,INSTRUCTION_MISSED,INSTRUCTION_COVERED,BRANCH_MISSED,BRANCH_COVERED,LINE_MISSED,LINE_COVERED,COMPLEXITY_MISSED,COMPLEXITY_COVERED,METHOD_MISSED,METHOD_COVERED
logstash logging connectors,biz.paluch.logging.gelf,GelfMessageAssembler,26,613,15,61,8,140,14,54,0,30
logstash logging connectors,biz.paluch.logging.gelf,MdcGelfMessageAssembler,1,77,2,8,1,23,2,10,0,7
logstash logging connectors,biz.paluch.logging.gelf,LogMessageField,25,204,6,18,4,48,6,16,0,10
logstash logging connectors,biz.paluch.logging.gelf,Values,0,54,1,5,0,13,1,9,0,7
logstash logging connectors,biz.paluch.logging.gelf,GelfUtil,3,124,1,15,2,28,2,10,1,3
logstash logging connectors,biz.paluch.logging.gelf,LogMessageField.NamedLogField,5,165,0,4,0,12,1,7,1,5
logstash logging connectors,biz.paluch.logging.gelf,DynamicMdcMessageField,5,39,0,0,2,10,2,3,2,3
logstash logging connectors,biz.paluch.logging.gelf,GelfMessageAssembler.new ThreadLocal() {...},0,8,0,0,0,2,0,2,0,2
logstash logging connectors,biz.paluch.logging.gelf,MdcMessageField,0,50,0,0,0,12,0,4,0,4
logstash logging connectors,biz.paluch.logging.gelf,StaticMessageField,0,50,0,0,0,12,0,4,0,4
logstash logging connectors,biz.paluch.logging.gelf,GelfMessageBuilder,0,129,0,0,0,39,0,14,0,14
logstash logging connectors,biz.paluch.logging.gelf.jboss7,JBoss7GelfLogHandler,0,102,0,0,0,23,0,14,0,14
logstash logging connectors,biz.paluch.logging.gelf.jboss7,JBoss7JulLogEvent.new Object() {...},2,17,0,0,0,1,0,1,0,1
logstash logging connectors,biz.paluch.logging.gelf.jboss7,JBoss7JulLogEvent,20,104,5,12,4,26,5,12,1,7
logstash logging connectors,biz.paluch.logging.gelf.wildfly,WildFlyGelfLogHandler,18,84,0,0,6,17,4,10,4,10
logstash logging connectors,biz.paluch.logging.gelf.wildfly,WildFlyJsonFormatter,67,204,0,8,22,49,15,16,15,12
logstash logging connectors,biz.paluch.logging.gelf.log4j2,Log4j2LogEvent.new Object() {...},12,81,0,0,0,2,0,1,0,1
logstash logging connectors,biz.paluch.logging.gelf.log4j2,GelfLogField,10,83,4,12,4,21,4,11,0,7
logstash logging connectors,biz.paluch.logging.gelf.log4j2,Log4j2LogEvent,34,268,11,33,7,59,11,34,0,18
logstash logging connectors,biz.paluch.logging.gelf.log4j2,PatternLogMessageField,0,11,0,0,0,4,0,2,0,2
logstash logging connectors,biz.paluch.logging.gelf.log4j2,GelfLogAppender.new ErrorReporter() {...},15,13,1,1,2,3,1,2,0,2
logstash logging connectors,biz.paluch.logging.gelf.log4j2,GelfLogAppender.new ErrorReporter() {...},0,18,0,0,0,3,0,2,0,2
logstash logging connectors,biz.paluch.logging.gelf.log4j2,HostnameConverter,0,66,1,15,0,14,1,11,0,4
logstash logging connectors,biz.paluch.logging.gelf.log4j2,GelfDynamicMdcLogFields,5,20,1,1,2,7,1,4,0,4
logstash logging connectors,biz.paluch.logging.gelf.log4j2,GelfLogAppender,18,391,6,56,4,84,6,35,0,10
logstash logging connectors,biz.paluch.logging.gelf.jul,JulLogEvent,39,270,10,37,9,65,11,31,2,14
logstash logging connectors,biz.paluch.logging.gelf.jul,GelfLogHandler,27,333,2,20,7,90,4,42,2,33
logstash logging connectors,biz.paluch.logging.gelf.jul,JulPropertyProvider,0,28,0,0,0,6,0,2,0,2
logstash logging connectors,biz.paluch.logging.gelf.jul,JulLogEvent.new Object() {...},6,41,0,0,0,1,0,1,0,1
logstash logging connectors,biz.paluch.logging.gelf.log4j,GelfLayout,91,187,2,6,21,53,16,17,14,15
logstash logging connectors,biz.paluch.logging.gelf.log4j,Log4jLogEvent.new Object() {...},8,53,0,0,0,1,0,1,0,1
logstash logging connectors,biz.paluch.logging.gelf.log4j,Log4jVersionChecker,19,38,3,5,7,8,4,3,1,2
logstash logging connectors,biz.paluch.logging.gelf.log4j,Log4jLogEvent,33,294,8,45,5,80,7,41,0,18
logstash logging connectors,biz.paluch.logging.gelf.log4j,GelfLogAppender,28,259,3,9,8,68,6,38,3,35
logstash logging connectors,biz.paluch.logging.gelf.intern.sender,DefaultGelfSenderProvider.new DefaultGelfSenderProvider.GelfSenderProducer() {...},0,23,0,0,0,4,0,2,0,2
logstash logging connectors,biz.paluch.logging.gelf.intern.sender,GelfTCPSender.new ThreadLocal() {...},0,9,0,0,0,2,0,2,0,2
logstash logging connectors,biz.paluch.logging.gelf.intern.sender,GelfTCPSSLSender,83,306,20,33,21,83,21,20,1,10
logstash logging connectors,biz.paluch.logging.gelf.intern.sender,AbstractNioSender.new ThreadLocal() {...},0,9,0,0,0,2,0,2,0,2
logstash logging connectors,biz.paluch.logging.gelf.intern.sender,AbstractNioSender,0,89,1,7,0,26,1,13,0,10
logstash logging connectors,biz.paluch.logging.gelf.intern.sender,QueryStringParser,14,217,9,27,3,53,9,16,1,6
logstash logging connectors,biz.paluch.logging.gelf.intern.sender,GelfREDISSender,21,95,4,4,0,21,3,5,0,4
logstash logging connectors,biz.paluch.logging.gelf.intern.sender,RedisSenderPoolProvider.new RedisSenderPoolProvider() {...},9,88,4,6,0,15,4,4,0,3
logstash logging connectors,biz.paluch.logging.gelf.intern.sender,RedisSenderPoolProvider.new RedisSenderPoolProvider() {...},14,188,9,13,2,33,9,7,0,5
logstash logging connectors,biz.paluch.logging.gelf.intern.sender,GelfUDPSender.new ThreadLocal() {...},0,9,0,0,0,2,0,2,0,2
logstash logging connectors,biz.paluch.logging.gelf.intern.sender,RedisSenderConstants,3,0,0,0,2,0,1,0,1,0
logstash logging connectors,biz.paluch.logging.gelf.intern.sender,GelfUDPSender.new ThreadLocal() {...},0,9,0,0,0,2,0,2,0,2
logstash logging connectors,biz.paluch.logging.gelf.intern.sender,GelfBuffers,9,39,0,0,5,10,1,5,1,5
logstash logging connectors,biz.paluch.logging.gelf.intern.sender,DefaultGelfSenderProvider,1,98,1,7,0,23,1,7,0,4
logstash logging connectors,biz.paluch.logging.gelf.intern.sender,GelfHTTPSender,26,84,6,4,2,24,4,4,0,3
logstash logging connectors,biz.paluch.logging.gelf.intern.sender,GelfTCPSSLSender.new Object() {...},8,57,0,0,0,2,0,1,0,1
logstash logging connectors,biz.paluch.logging.gelf.intern.sender,GelfUDPSender,43,139,6,8,10,29,5,7,0,5
logstash logging connectors,biz.paluch.logging.gelf.intern.sender,RedisSenderPoolProvider,20,61,1,3,1,6,2,5,1,4
logstash logging connectors,biz.paluch.logging.gelf.intern.sender,GelfTCPSender,32,253,6,22,9,60,6,15,0,7
logstash logging connectors,biz.paluch.logging.gelf.intern.sender,DefaultGelfSenderProvider.new DefaultGelfSenderProvider.GelfSenderProducer() {...},58,3,0,0,12,1,1,1,1,1
logstash logging connectors,biz.paluch.logging.gelf.intern.sender,RedisGelfSenderProvider,0,68,0,14,0,16,0,10,0,3
logstash logging connectors,biz.paluch.logging.gelf.intern.sender,DefaultGelfSenderProvider.new DefaultGelfSenderProvider.GelfSenderProducer() {...},0,56,0,0,0,12,0,2,0,2
logstash logging connectors,biz.paluch.logging.gelf.intern.sender,DefaultGelfSenderProvider.new DefaultGelfSenderProvider.GelfSenderProducer() {...},0,11,0,0,0,2,0,2,0,2
logstash logging connectors,biz.paluch.logging.gelf.intern.sender,DefaultGelfSenderProvider.new DefaultGelfSenderProvider.GelfSenderProducer() {...},0,17,0,0,0,4,0,2,0,2
logstash logging connectors,biz.paluch.logging.gelf.intern,GelfSenderFactory.SenderProviderHolder,18,88,1,3,1,26,2,6,1,5
logstash logging connectors,biz.paluch.logging.gelf.intern,GelfSenderFactory,15,96,1,5,2,24,1,8,0,6
logstash logging connectors,biz.paluch.logging.gelf.intern,OutputAccessor.ByteBufferOutputAccessor,8,16,0,0,2,5,1,3,1,3
logstash logging connectors,biz.paluch.logging.gelf.intern,OutputAccessor.OutputStreamAccessor,26,18,0,0,9,9,1,3,1,3
logstash logging connectors,biz.paluch.logging.gelf.intern,OutputAccessor,0,41,0,0,0,11,0,6,0,6
logstash logging connectors,biz.paluch.logging.gelf.intern,PoolingGelfMessageBuilder,0,82,0,0,0,23,0,4,0,4
logstash logging connectors,biz.paluch.logging.gelf.intern,GelfSenderFactory.new GelfSenderConfiguration() {...},3,23,0,0,1,4,1,4,1,4
logstash logging connectors,biz.paluch.logging.gelf.intern,ConfigurationSupport,3,152,5,15,2,25,6,9,1,4
logstash logging connectors,biz.paluch.logging.gelf.intern,Charsets,7,11,0,0,2,3,2,2,2,2
logstash logging connectors,biz.paluch.logging.gelf.intern,PoolingGelfMessage.new ThreadLocal() {...},0,6,0,0,0,2,0,2,0,2
logstash logging connectors,biz.paluch.logging.gelf.intern,PoolingGelfMessage.new ThreadLocal() {...},6,8,0,0,2,2,0,2,0,2
logstash logging connectors,biz.paluch.logging.gelf.intern,JsonWriter,86,413,17,49,28,122,13,36,1,12
logstash logging connectors,biz.paluch.logging.gelf.intern,PoolingGelfMessage.new ThreadLocal() {...},0,6,0,0,0,2,0,2,0,2
logstash logging connectors,biz.paluch.logging.gelf.intern,PoolingGelfMessage,17,149,2,8,5,42,2,8,0,5
logstash logging connectors,biz.paluch.logging.gelf.intern,OutputAccessor.new ThreadLocal() {...},0,8,0,0,0,2,0,2,0,2
logstash logging connectors,biz.paluch.logging.gelf.intern,OutputAccessor.ByteBufferOutputStream,7,20,0,0,2,7,1,3,1,3
logstash logging connectors,biz.paluch.logging.gelf.intern,Closer,3,14,0,4,1,10,1,4,1,2
logstash logging connectors,biz.paluch.logging.gelf.intern,OutputAccessor.new ThreadLocal() {...},0,7,0,0,0,2,0,2,0,2
logstash logging connectors,biz.paluch.logging.gelf.intern,ReusableGzipOutputStream,12,197,4,6,4,33,4,9,0,8
logstash logging connectors,biz.paluch.logging.gelf.intern,GelfMessage,57,1005,37,113,17,213,35,87,1,46
logstash logging connectors,biz.paluch.logging,RuntimeContainerProperties,9,9,3,1,3,3,3,1,1,1
logstash logging connectors,biz.paluch.logging,RuntimeContainer,14,141,5,21,7,43,6,15,1,7
logstash logging connectors,biz.paluch.logging,StackTraceFilter,38,335,6,24,7,65,7,21,1,12
logstash logging connectors,biz.paluch.logging.gelf.standalone,DatenpumpeImpl,16,84,7,9,4,26,7,6,0,5
logstash logging connectors,biz.paluch.logging.gelf.standalone,BeanPropertyExtraction,7,157,3,17,4,38,4,13,1,6
logstash logging connectors,biz.paluch.logging.gelf.standalone,DefaultGelfSenderConfiguration,11,41,0,0,5,14,3,7,3,7
logstash logging connectors,biz.paluch.logging.gelf.standalone,Slf4jErrorReporter,12,8,0,0,5,3,2,1,2,1
logstash logging connectors,biz.paluch.logging.gelf.logback,LogbackLogEvent.new Object() {...},8,53,0,0,0,1,0,1,0,1
logstash logging connectors,biz.paluch.logging.gelf.logback,GelfLogbackAppender,41,242,5,7,13,64,8,35,4,33
logstash logging connectors,biz.paluch.logging.gelf.logback,LogbackLogEvent,36,286,11,42,7,74,11,37,1,17
